#
# There is insufficient memory for the Java Runtime Environment to continue.
# Native memory allocation (malloc) failed to allocate 1048576 bytes for AllocateHeap
# Possible reasons:
#   The system is out of physical RAM or swap space
#   The process is running with CompressedOops enabled, and the Java Heap may be blocking the growth of the native heap
# Possible solutions:
#   Reduce memory load on the system
#   Increase physical memory or swap space
#   Check if swap backing store is full
#   Decrease Java heap size (-Xmx/-Xms)
#   Decrease number of Java threads
#   Decrease Java thread stack sizes (-Xss)
#   Set larger code cache with -XX:ReservedCodeCacheSize=
#   JVM is running with Unscaled Compressed Oops mode in which the Java heap is
#     placed in the first 4GB address space. The Java Heap base address is the
#     maximum limit for the native heap growth. Please use -XX:HeapBaseMinAddress
#     to set the Java Heap base and to place the Java Heap above 4GB virtual address.
# This output file may be truncated or incomplete.
#
#  Out of Memory Error (memory/allocation.inline.hpp:61), pid=32244, tid=0x0000000000002a60
#
# JRE version:  (8.0_211-b12) (build )
# Java VM: Java HotSpot(TM) 64-Bit Server VM (25.211-b12 mixed mode windows-amd64 compressed oops)
# Failed to write core dump. Minidumps are not enabled by default on client versions of Windows
#

---------------  T H R E A D  ---------------

Current thread (0x00000000024d5000):  JavaThread "Unknown thread" [_thread_in_vm, id=10848, stack(0x0000000002200000,0x0000000002300000)]

Stack: [0x0000000002200000,0x0000000002300000]
[error occurred during error reporting (printing stack bounds), id 0xc0000005]

Native frames: (J=compiled Java code, j=interpreted, Vv=VM code, C=native code)


---------------  P R O C E S S  ---------------

Java Threads: ( => current thread )

Other Threads:

=>0x00000000024d5000 (exited) JavaThread "Unknown thread" [_thread_in_vm, id=10848, stack(0x0000000002200000,0x0000000002300000)]

VM state:not at safepoint (normal execution)

VM Mutex/Monitor currently owned by a thread: None

heap address: 0x0000000081e00000, size: 2018 MB, Compressed Oops mode: 32-bit
Narrow klass base: 0x0000000000000000, Narrow klass shift: 3
Compressed class space size: 1073741824 Address: 0x0000000100000000

Heap:
 PSYoungGen      total 38400K, used 665K [0x00000000d5f80000, 0x00000000d8a00000, 0x0000000100000000)
  eden space 33280K, 2% used [0x00000000d5f80000,0x00000000d6026670,0x00000000d8000000)
  from space 5120K, 0% used [0x00000000d8500000,0x00000000d8500000,0x00000000d8a00000)
  to   space 5120K, 0% used [0x00000000d8000000,0x00000000d8000000,0x00000000d8500000)
 ParOldGen       total 87552K, used 0K [0x0000000081e00000, 0x0000000087380000, 0x00000000d5f80000)
  object space 87552K, 0% used [0x0000000081e00000,0x0000000081e00000,0x0000000087380000)
 Metaspace       used 775K, capacity 4480K, committed 4480K, reserved 1056768K
  class space    used 76K, capacity 384K, committed 384K, reserved 1048576K

Card table byte_map: [0x0000000011990000,0x0000000011d90000] byte_map_base: 0x0000000011581000

Marking Bits: (ParMarkBitMap*) 0x0000000074bc5ce0
 Begin Bits: [0x0000000012640000, 0x00000000145c8000)
 End Bits:   [0x00000000145c8000, 0x0000000016550000)

Polling page: 0x0000000000550000

CodeCache: size=245760Kb used=328Kb max_used=328Kb free=245431Kb
 bounds [0x00000000025d0000, 0x0000000002840000, 0x00000000115d0000]
 total_blobs=58 nmethods=0 adapters=38
 compilation: enabled

Compilation events (0 events):
No events

GC Heap History (0 events):
No events

Deoptimization events (0 events):
No events

Classes redefined (0 events):
No events

Internal exceptions (0 events):
No events

Events (10 events):
Event: 0.021 loading class java/lang/Short
Event: 0.021 loading class java/lang/Short done
Event: 0.021 loading class java/lang/Integer
Event: 0.021 loading class java/lang/Integer done
Event: 0.021 loading class java/lang/Long
Event: 0.021 loading class java/lang/Long done
Event: 0.021 loading class java/lang/NullPointerException
Event: 0.022 loading class java/lang/NullPointerException done
Event: 0.022 loading class java/lang/ArithmeticException
Event: 0.022 loading class java/lang/ArithmeticException done


Dynamic libraries:
0x00007ff7771a0000 - 0x00007ff7771d7000 	C:\Program Files\Java\jdk1.8.0_211\bin\java.exe
0x00007fffb1ca0000 - 0x00007fffb1e8d000 	C:\Windows\SYSTEM32\ntdll.dll
0x00007fffb1ba0000 - 0x00007fffb1c53000 	C:\Windows\System32\KERNEL32.DLL
0x00007fffae930000 - 0x00007fffaebc5000 	C:\Windows\System32\KERNELBASE.dll
0x00007fffb15c0000 - 0x00007fffb1663000 	C:\Windows\System32\ADVAPI32.dll
0x00007fffaf420000 - 0x00007fffaf4be000 	C:\Windows\System32\msvcrt.dll
0x00007fffb1380000 - 0x00007fffb141e000 	C:\Windows\System32\sechost.dll
0x00007fffb0a90000 - 0x00007fffb0bb2000 	C:\Windows\System32\RPCRT4.dll
0x00007fffb0d50000 - 0x00007fffb0ee7000 	C:\Windows\System32\USER32.dll
0x00007fffaecd0000 - 0x00007fffaecf0000 	C:\Windows\System32\win32u.dll
0x00007fffb1b70000 - 0x00007fffb1b99000 	C:\Windows\System32\GDI32.dll
0x00007fffadd60000 - 0x00007fffadef9000 	C:\Windows\System32\gdi32full.dll
0x00007fffaed50000 - 0x00007fffaedf0000 	C:\Windows\System32\msvcp_win.dll
0x00007fffaebd0000 - 0x00007fffaecca000 	C:\Windows\System32\ucrtbase.dll
0x00007fff95b80000 - 0x00007fff95df9000 	C:\Windows\WinSxS\amd64_microsoft.windows.common-controls_6595b64144ccf1df_6.0.17763.1217_none_de6e4304534e0ad3\COMCTL32.dll
0x00007fffb16d0000 - 0x00007fffb19fc000 	C:\Windows\System32\combase.dll
0x00007fffae860000 - 0x00007fffae8de000 	C:\Windows\System32\bcryptPrimitives.dll
0x00007fffb0bc0000 - 0x00007fffb0bee000 	C:\Windows\System32\IMM32.DLL
0x0000000074c50000 - 0x0000000074d22000 	C:\Program Files\Java\jdk1.8.0_211\jre\bin\msvcr100.dll
0x00000000743a0000 - 0x0000000074c45000 	C:\Program Files\Java\jdk1.8.0_211\jre\bin\server\jvm.dll
0x00007fffb1c60000 - 0x00007fffb1c68000 	C:\Windows\System32\PSAPI.DLL
0x00007fffabf70000 - 0x00007fffabf94000 	C:\Windows\SYSTEM32\WINMM.dll
0x00007fffa05d0000 - 0x00007fffa05d9000 	C:\Windows\SYSTEM32\WSOCK32.dll
0x00007fffaa2f0000 - 0x00007fffaa2fa000 	C:\Windows\SYSTEM32\VERSION.dll
0x00007fffb12b0000 - 0x00007fffb131d000 	C:\Windows\System32\WS2_32.dll
0x00007fffabef0000 - 0x00007fffabf1d000 	C:\Windows\SYSTEM32\winmmbase.dll
0x00007fffae8e0000 - 0x00007fffae92a000 	C:\Windows\System32\cfgmgr32.dll
0x00007fffac050000 - 0x00007fffac05f000 	C:\Program Files\Java\jdk1.8.0_211\jre\bin\verify.dll
0x00007fff955d0000 - 0x00007fff955f9000 	C:\Program Files\Java\jdk1.8.0_211\jre\bin\java.dll
0x00007fff95610000 - 0x00007fff95633000 	C:\Program Files\Java\jdk1.8.0_211\jre\bin\instrument.dll
0x00007fff98850000 - 0x00007fff98866000 	C:\Program Files\Java\jdk1.8.0_211\jre\bin\zip.dll

VM Arguments:
jvm_args: -javaagent:C:\Program Files\JetBrains\IntelliJ IDEA Community Edition 2019.1.3\lib\idea_rt.jar=49332:C:\Program Files\JetBrains\IntelliJ IDEA Community Edition 2019.1.3\bin -Dfile.encoding=UTF-8 
java_command: kg.megacom.fileservice.FileServiceApplication
java_class_path (initial): C:\Program Files\Java\jdk1.8.0_211\jre\lib\charsets.jar;C:\Program Files\Java\jdk1.8.0_211\jre\lib\deploy.jar;C:\Program Files\Java\jdk1.8.0_211\jre\lib\ext\access-bridge-64.jar;C:\Program Files\Java\jdk1.8.0_211\jre\lib\ext\cldrdata.jar;C:\Program Files\Java\jdk1.8.0_211\jre\lib\ext\dnsns.jar;C:\Program Files\Java\jdk1.8.0_211\jre\lib\ext\jaccess.jar;C:\Program Files\Java\jdk1.8.0_211\jre\lib\ext\jfxrt.jar;C:\Program Files\Java\jdk1.8.0_211\jre\lib\ext\localedata.jar;C:\Program Files\Java\jdk1.8.0_211\jre\lib\ext\nashorn.jar;C:\Program Files\Java\jdk1.8.0_211\jre\lib\ext\sunec.jar;C:\Program Files\Java\jdk1.8.0_211\jre\lib\ext\sunjce_provider.jar;C:\Program Files\Java\jdk1.8.0_211\jre\lib\ext\sunmscapi.jar;C:\Program Files\Java\jdk1.8.0_211\jre\lib\ext\sunpkcs11.jar;C:\Program Files\Java\jdk1.8.0_211\jre\lib\ext\zipfs.jar;C:\Program Files\Java\jdk1.8.0_211\jre\lib\javaws.jar;C:\Program Files\Java\jdk1.8.0_211\jre\lib\jce.jar;C:\Program Files\Java\jdk1.8.0_211\jre\lib\jfr.jar;C:\Program Files\Java\jdk1.8.0_211\jre\lib\jfxswt.jar;C:\Program Files\Java\jdk1.8.0_211\jre\lib\jsse.jar;C:\Program Files\Java\jdk1.8.0_211\jre\lib\management-agent.jar;C:\Program Files\Java\jdk1.8.0_211\jre\lib\plugin.jar;C:\Program Files\Java\jdk1.8.0_211\jre\lib\resources.jar;C:\Program Files\Java\jdk1.8.0_211\jre\lib\rt.jar;D:\Users\sarzymatov\IdeaProjects\file-service\file-service\target\classes;D:\Users\sarzymatov\.m2\repository\io\springfox\springfox-swagger-ui\2.9.2\springfox-swagger-ui-2.9.2.jar;D:\Users\sarzymatov\.m2\repository\io\springfox\springfox-spring-web\2.9.2\springfox-spring-web-2.9.2.jar;D:\Users\sarzymatov\.m2\repository\io\springfox\springfox-swagger2\2.9.2\springfox-swagger2-2.9.2.jar;D:\Users\sarzymatov\.m2\repository\io\swagger\swagger-annotations\1.5.20\swagger-annotations-1.5.20.jar;D:\Users\sarzymatov\.m2\repository\io\swagger\swagger-models\1.5.20\swagger-models-1.5.20.jar;D:\Users\sarzymatov\.m2\repository\com\fasterxml\jackson\core\j
Launcher Type: SUN_STANDARD

Environment Variables:
PATH=C:\Program Files (x86)\Common Files\Oracle\Java\javapath;C:\Windows\system32;C:\Windows;C:\Windows\System32\Wbem;C:\Windows\System32\WindowsPowerShell\v1.0\;C:\Windows\System32\OpenSSH\;C:\Program Files (x86)\Sennheiser\SoftphoneSDK\;C:\mvn\apache-maven-3.6.3\bin;C:\Program Files\Java\jdk1.8.0_211\bin;C:\Program Files\Git\cmd;C:\Program Files\Git\mingw64\bin;C:\Program Files\Git\usr\bin;
USERNAME=sarzymatov
OS=Windows_NT
PROCESSOR_IDENTIFIER=Intel64 Family 6 Model 158 Stepping 12, GenuineIntel



---------------  S Y S T E M  ---------------

OS: Windows 10.0 , 64 bit Build 17763 (10.0.17763.1158)

CPU:total 6 (initial active 6) (6 cores per cpu, 1 threads per core) family 6 model 158 stepping 12, cmov, cx8, fxsr, mmx, sse, sse2, sse3, ssse3, sse4.1, sse4.2, popcnt, avx, avx2, aes, clmul, erms, 3dnowpref, lzcnt, tsc, tscinvbit, bmi1, bmi2, adx

Memory: 4k page, physical 8261844k(774312k free), swap 18677328k(4260k free)

vm_info: Java HotSpot(TM) 64-Bit Server VM (25.211-b12) for windows-amd64 JRE (1.8.0_211-b12), built on Apr  1 2019 20:53:26 by "java_re" with MS VC++ 10.0 (VS2010)

time: Tue Aug 18 11:47:29 2020
timezone: Центральная Азия (зима)
elapsed time: 0 seconds (0d 0h 0m 0s)

